<?xml version="1.0" encoding="UTF-8"?>
<testng-results skipped="0" failed="0" ignored="0" total="1" passed="1">
  <reporter-output>
    <line>
      <![CDATA[testa]]>
    </line>
  </reporter-output>
  <suite name="Default suite" duration-ms="38" started-at="2018-10-24T06:30:56Z" finished-at="2018-10-24T06:30:56Z">
    <groups>
    </groups>
    <test name="Default test" duration-ms="38" started-at="2018-10-24T06:30:56Z" finished-at="2018-10-24T06:30:56Z">
      <class name="practice.Demo">
        <test-method status="PASS" signature="testA()[pri:0, instance:practice.Demo@15d0c81b]" name="testA" duration-ms="9" started-at="2018-10-24T06:30:56Z" finished-at="2018-10-24T06:30:56Z">
          <reporter-output>
            <line>
              <![CDATA[testa]]>
            </line>
          </reporter-output>
        </test-method> <!-- testA -->
      </class> <!-- practice.Demo -->
    </test> <!-- Default test -->
  </suite> <!-- Default suite -->
</testng-results>
